<?xml version="1.0" encoding="UTF-8"?>
<!-- Generated by org.testng.reporters.JUnitXMLReporter -->
<testsuite ignored="0" hostname="VAIO" failures="0" tests="2" name="Error Validation" time="127.42" errors="0" timestamp="2026-08-10T00:03:57 IST">
  <testcase classname="DevendraTest.Tests.ErrorValidation2_20" name="loginErrorValidation" time="0.74"/>
  <testcase classname="DevendraTest.Tests.ErrorValidation2_20" name="productErrorValidation" time="26.113"/>
</testsuite> <!-- Error Validation -->
