<?xml version="1.0" encoding="UTF-8"?>
<!-- Generated by org.testng.reporters.JUnitXMLReporter -->
<testsuite ignored="0" hostname="VAIO" failures="0" tests="2" name="Login Page Error Validation Test 22" time="479.46" errors="0" timestamp="2026-08-05T20:53:56 IST">
  <testcase classname="DevendraTest.Tests.ErrorValidation22_180_181" name="loginErrorValidation" time="0.001">
    <skipped/>
  </testcase> <!-- loginErrorValidation -->
  <testcase classname="DevendraTest.Tests.ErrorValidation22_180_181" name="productErrorValidation" time="0.0">
    <skipped/>
  </testcase> <!-- productErrorValidation -->
</testsuite> <!-- Login Page Error Validation Test 22 -->
