<?xml version="1.0" encoding="UTF-8"?>
<!-- Generated by org.testng.reporters.JUnitXMLReporter -->
<testsuite ignored="1" hostname="VAIO" failures="0" tests="2" name="Submit Order Test 21_177" time="101.059" errors="0" timestamp="2026-07-27T21:50:32 IST">
  <testcase classname="DevendraTest.Tests.SubmitOrderTestSection21_177" name="submitOrder" time="5.586"/>
  <testcase classname="DevendraTest.Tests.SubmitOrderTestSection21_177" name="submitOrder" time="3.758"/>
  <testcase classname="DevendraTest.Tests.SubmitOrderTestSection21_177" name="OrderHstoryTest" time="0.0">
    <ignored/>
  </testcase> <!-- OrderHstoryTest -->
</testsuite> <!-- Submit Order Test 21_177 -->
