<?xml version="1.0" encoding="UTF-8"?>
<!-- Generated by org.testng.reporters.JUnitXMLReporter -->
<testsuite ignored="1" hostname="VAIO" failures="2" tests="2" name="Submit Order Test 21_176" time="136.179" errors="0" timestamp="2026-07-27T19:36:20 IST">
  <testcase classname="DevendraTest.Tests.SubmitOrderTestSection21_176" name="submitOrder" time="14.255">
    <failure type="org.openqa.selenium.TimeoutException" message="Expected condition failed: waiting for visibility of element found by By.cssSelector: .mb-3, but... org.openqa.selenium.NoSuchElementException: no such element: Unable to locate element: {&amp;quot;method&amp;quot;:&amp;quot;css selector&amp;quot;,&amp;quot;selector&amp;quot;:&amp;quot;.mb-3&amp;quot;}.
(tried for 5 seconds with 500 milliseconds interval)
Build info: version: &amp;apos;4.45.0&amp;apos;, revision: &amp;apos;cd6a3cd cd6a3cdfca6970f62e5bc8344109d0fe0e2af05e&amp;apos;
System info: os.name: &amp;apos;Windows 10&amp;apos;, os.arch: &amp;apos;amd64&amp;apos;, os.version: &amp;apos;10.0&amp;apos;, java.version: &amp;apos;21.0.9&amp;apos;
Driver info: org.openqa.selenium.edge.EdgeDriver
Capabilities {acceptInsecureCerts: false, browserName: MicrosoftEdge, browserVersion: 150.0.4078.99, fedcm:accounts: true, goog:processID: 25828, ms:edgeOptions: {debuggerAddress: localhost:55698}, msedge: {msedgedriverVersion: 150.0.4078.99 (a975820f5d56..., userDataDir: C:\Users\surjan\AppData\Loc...}, networkConnectionEnabled: false, pageLoadStrategy: normal, platformName: windows, proxy: Proxy(), se:cdp: ws://localhost:55698/devtoo..., se:cdpVersion: 150.0.4078.99, setWindowRect: true, strictFileInteractability: false, timeouts: {implicit: 0, pageLoad: 300000, script: 30000}, unhandledPromptBehavior: dismiss and notify, webauthn:extension:credBlob: true, webauthn:extension:largeBlob: true, webauthn:extension:minPinLength: true, webauthn:extension:prf: true, webauthn:virtualAuthenticators: true}
Session ID: da6816ecb748bfd8ad582aeb966d6ea5">
      <![CDATA[org.openqa.selenium.TimeoutException: Expected condition failed: waiting for visibility of element found by By.cssSelector: .mb-3, but... org.openqa.selenium.NoSuchElementException: no such element: Unable to locate element: {"method":"css selector","selector":".mb-3"}.
(tried for 5 seconds with 500 milliseconds interval)
Build info: version: '4.45.0', revision: 'cd6a3cd cd6a3cdfca6970f62e5bc8344109d0fe0e2af05e'
System info: os.name: 'Windows 10', os.arch: 'amd64', os.version: '10.0', java.version: '21.0.9'
Driver info: org.openqa.selenium.edge.EdgeDriver
Capabilities {acceptInsecureCerts: false, browserName: MicrosoftEdge, browserVersion: 150.0.4078.99, fedcm:accounts: true, goog:processID: 25828, ms:edgeOptions: {debuggerAddress: localhost:55698}, msedge: {msedgedriverVersion: 150.0.4078.99 (a975820f5d56..., userDataDir: C:\Users\surjan\AppData\Loc...}, networkConnectionEnabled: false, pageLoadStrategy: normal, platformName: windows, proxy: Proxy(), se:cdp: ws://localhost:55698/devtoo..., se:cdpVersion: 150.0.4078.99, setWindowRect: true, strictFileInteractability: false, timeouts: {implicit: 0, pageLoad: 300000, script: 30000}, unhandledPromptBehavior: dismiss and notify, webauthn:extension:credBlob: true, webauthn:extension:largeBlob: true, webauthn:extension:minPinLength: true, webauthn:extension:prf: true, webauthn:virtualAuthenticators: true}
Session ID: da6816ecb748bfd8ad582aeb966d6ea5
at org.openqa.selenium.support.ui.WebDriverWait.timeoutException(WebDriverWait.java:85)
at org.openqa.selenium.support.ui.FluentWait.until(FluentWait.java:234)
at DevendraTest.AbstractComponents.AbstractComponent.waitForElementToAppear(AbstractComponent.java:37)
at POM.pageobjects.ProductCatalogue.getproductList(ProductCatalogue.java:42)
at DevendraTest.Tests.SubmitOrderTestSection21_176.submitOrder(SubmitOrderTestSection21_176.java:29)
at java.base/java.util.ArrayList.forEach(ArrayList.java:1596)
at java.base/java.util.concurrent.FutureTask.run(FutureTask.java:317)
at java.base/java.util.concurrent.ThreadPoolExecutor.runWorker(ThreadPoolExecutor.java:1144)
at java.base/java.util.concurrent.ThreadPoolExecutor$Worker.run(ThreadPoolExecutor.java:642)
at java.base/java.lang.Thread.run(Thread.java:1583)
... Removed 15 stack frames]]>
    </failure>
  </testcase> <!-- submitOrder -->
  <testcase classname="DevendraTest.Tests.SubmitOrderTestSection21_176" name="submitOrder" time="0.019">
    <failure type="java.lang.IllegalArgumentException" message="Keys to send must be set">
      <![CDATA[java.lang.IllegalArgumentException: Keys to send must be set
at org.openqa.selenium.internal.Require.nonNull(Require.java:68)
at org.openqa.selenium.remote.RemoteWebElement.sendKeys(RemoteWebElement.java:99)
at org.openqa.selenium.support.pagefactory.internal.LocatingElementHandler.invoke(LocatingElementHandler.java:51)
at jdk.proxy2/jdk.proxy2.$Proxy13.sendKeys(Unknown Source)
at POM.pageobjects.LandingPage.loginApplication(LandingPage.java:43)
at DevendraTest.Tests.SubmitOrderTestSection21_176.submitOrder(SubmitOrderTestSection21_176.java:27)
at java.base/java.util.ArrayList.forEach(ArrayList.java:1596)
at java.base/java.util.concurrent.FutureTask.run(FutureTask.java:317)
at java.base/java.util.concurrent.ThreadPoolExecutor.runWorker(ThreadPoolExecutor.java:1144)
at java.base/java.util.concurrent.ThreadPoolExecutor$Worker.run(ThreadPoolExecutor.java:642)
at java.base/java.lang.Thread.run(Thread.java:1583)
... Removed 17 stack frames]]>
    </failure>
  </testcase> <!-- submitOrder -->
  <testcase classname="DevendraTest.Tests.SubmitOrderTestSection21_176" name="OrderHstoryTest" time="0.0">
    <ignored/>
  </testcase> <!-- OrderHstoryTest -->
</testsuite> <!-- Submit Order Test 21_176 -->
