<?xml version="1.0" encoding="UTF-8"?>
<!-- Generated by org.testng.reporters.JUnitXMLReporter -->
<testsuite ignored="0" hostname="VAIO" failures="0" tests="2" name="All Error Validation" time="467.306" errors="0" timestamp="2026-08-20T18:30:00 IST">
  <testcase classname="DevendraTest.Tests.ErrorValidation2_20" name="loginErrorValidation" time="0.001">
    <skipped/>
  </testcase> <!-- loginErrorValidation -->
  <testcase classname="DevendraTest.Tests.ErrorValidation2_20" name="productErrorValidation" time="0.001">
    <skipped/>
  </testcase> <!-- productErrorValidation -->
</testsuite> <!-- All Error Validation -->
