<?xml version="1.0" encoding="UTF-8"?>
<!-- Generated by org.testng.reporters.JUnitXMLReporter -->
<testsuite ignored="0" hostname="VAIO" failures="0" tests="2" name="Error Validation" time="167.906" errors="0" timestamp="2026-08-10T15:23:02 IST">
  <testcase classname="DevendraTest.Tests.ErrorValidation2_20" name="loginErrorValidation" time="8.068"/>
  <testcase classname="DevendraTest.Tests.ErrorValidation2_20" name="productErrorValidation" time="7.87"/>
</testsuite> <!-- Error Validation -->
