<?xml version="1.0" encoding="UTF-8"?>
<!-- Generated by org.testng.reporters.JUnitXMLReporter -->
<testsuite ignored="0" hostname="VAIO" failures="0" tests="2" name="Error Validation" time="61.379" errors="0" timestamp="2026-08-20T19:03:02 IST">
  <testcase classname="DevendraTest.Tests.ErrorValidation2_20" name="loginErrorValidation" time="0.816"/>
  <testcase classname="DevendraTest.Tests.ErrorValidation2_20" name="productErrorValidation" time="2.575"/>
</testsuite> <!-- Error Validation -->
