<?xml version="1.0" encoding="UTF-8"?>
<!-- Generated by org.testng.reporters.JUnitXMLReporter -->
<testsuite ignored="0" hostname="VAIO" failures="1" tests="3" name="Login Page Error Validation Test" time="196.933" errors="0" timestamp="2026-08-10T15:23:20 IST">
  <testcase classname="DevendraTest.Tests.ErrorValidation22_180_181" name="loginErrorValidation" time="2.658">
    <skipped/>
  </testcase> <!-- loginErrorValidation -->
  <testcase classname="DevendraTest.Tests.ErrorValidation22_180_181" name="loginErrorValidation" time="0.75">
    <failure type="java.lang.AssertionError" message="expected [Incorrect email or password.] but found [Incorrect email  password.]">
      <![CDATA[java.lang.AssertionError: expected [Incorrect email or password.] but found [Incorrect email  password.]
at DevendraTest.Tests.ErrorValidation22_180_181.loginErrorValidation(ErrorValidation22_180_181.java:26)
at java.base/java.util.ArrayList.forEach(ArrayList.java:1604)
at java.base/java.util.concurrent.FutureTask.run(FutureTask.java:328)
at java.base/java.util.concurrent.ThreadPoolExecutor.runWorker(ThreadPoolExecutor.java:1090)
at java.base/java.util.concurrent.ThreadPoolExecutor$Worker.run(ThreadPoolExecutor.java:614)
at java.base/java.lang.Thread.run(Thread.java:1474)
... Removed 21 stack frames]]>
    </failure>
  </testcase> <!-- loginErrorValidation -->
  <testcase classname="DevendraTest.Tests.ErrorValidation22_180_181" name="productErrorValidation" time="2.584"/>
</testsuite> <!-- Login Page Error Validation Test -->
