<?xml version="1.0" encoding="UTF-8"?>
<!-- Generated by org.testng.reporters.JUnitReportReporter -->
<testsuite hostname="VAIO" failures="0" tests="1" name="cucumber.TestNGTestRunner" time="164.587" errors="1" timestamp="2026-08-07T20:31:15 IST" skipped="0">
  <testcase classname="cucumber.TestNGTestRunner" name="runScenario" time="164.587">
    <error message="Expected condition failed: waiting for visibility of element found by By.cssSelector: .mb-3, but... org.openqa.selenium.NoSuchElementException: no such element: Unable to locate element: {&quot;method&quot;:&quot;css selector&quot;,&quot;selector&quot;:&quot;.mb-3&quot;}.
(tried for 5 seconds with 500 milliseconds interval)
Build info: version: &#039;4.45.0&#039;, revision: &#039;cd6a3cd cd6a3cdfca6970f62e5bc8344109d0fe0e2af05e&#039;
System info: os.name: &#039;Windows 10&#039;, os.arch: &#039;amd64&#039;, os.version: &#039;10.0&#039;, java.version: &#039;25.0.1&#039;
Driver info: org.openqa.selenium.edge.EdgeDriver
Capabilities {acceptInsecureCerts: false, browserName: MicrosoftEdge, browserVersion: 151.0.4129.59, fedcm:accounts: true, goog:processID: 11236, ms:edgeOptions: {debuggerAddress: localhost:53395}, msedge: {msedgedriverVersion: 151.0.4129.59 (400e1a29bee5..., userDataDir: C:\Users\surjan\AppData\Loc...}, networkConnectionEnabled: false, pageLoadStrategy: normal, platformName: windows, proxy: Proxy(), se:cdp: ws://localhost:53395/devtoo..., se:cdpVersion: 151.0.4129.59, setWindowRect: true, strictFileInteractability: false, timeouts: {implicit: 0, pageLoad: 300000, script: 30000}, unhandledPromptBehavior: dismiss and notify, webauthn:extension:credBlob: true, webauthn:extension:largeBlob: true, webauthn:extension:minPinLength: true, webauthn:extension:prf: true, webauthn:virtualAuthenticators: true}
Session ID: 531ad6a553ec7eefb34668877079486a" type="org.openqa.selenium.TimeoutException">
      <![CDATA[org.openqa.selenium.TimeoutException: Expected condition failed: waiting for visibility of element found by By.cssSelector: .mb-3, but... org.openqa.selenium.NoSuchElementException: no such element: Unable to locate element: {"method":"css selector","selector":".mb-3"}.
(tried for 5 seconds with 500 milliseconds interval)
Build info: version: '4.45.0', revision: 'cd6a3cd cd6a3cdfca6970f62e5bc8344109d0fe0e2af05e'
System info: os.name: 'Windows 10', os.arch: 'amd64', os.version: '10.0', java.version: '25.0.1'
Driver info: org.openqa.selenium.edge.EdgeDriver
Capabilities {acceptInsecureCerts: false, browserName: MicrosoftEdge, browserVersion: 151.0.4129.59, fedcm:accounts: true, goog:processID: 11236, ms:edgeOptions: {debuggerAddress: localhost:53395}, msedge: {msedgedriverVersion: 151.0.4129.59 (400e1a29bee5..., userDataDir: C:\Users\surjan\AppData\Loc...}, networkConnectionEnabled: false, pageLoadStrategy: normal, platformName: windows, proxy: Proxy(), se:cdp: ws://localhost:53395/devtoo..., se:cdpVersion: 151.0.4129.59, setWindowRect: true, strictFileInteractability: false, timeouts: {implicit: 0, pageLoad: 300000, script: 30000}, unhandledPromptBehavior: dismiss and notify, webauthn:extension:credBlob: true, webauthn:extension:largeBlob: true, webauthn:extension:minPinLength: true, webauthn:extension:prf: true, webauthn:virtualAuthenticators: true}
Session ID: 531ad6a553ec7eefb34668877079486a
at org.openqa.selenium.support.ui.WebDriverWait.timeoutException(WebDriverWait.java:85)
at org.openqa.selenium.support.ui.FluentWait.until(FluentWait.java:234)
at DevendraTest.AbstractComponents.AbstractComponent.waitForElementToAppear(AbstractComponent.java:37)
at POM.pageobjects.ProductCatalogue.getproductList(ProductCatalogue.java:42)
at SeleniumFramework.stepDefinitions_23.stepDefinitionImpl_23.i_add_product_to_cart(stepDefinitionImpl_23.java:42)
at ✽.I add product ZARA COAt 3 to cart(file:///C:/Users/surjan/eclipse-workspace/SeleniumFrameworkDesign1_Section18_19_20_21_22_23/src/test/java/cucumber/SubmitOrderTestSection23.feature:12)
]]>
    </error>
  </testcase> <!-- runScenario -->
</testsuite> <!-- cucumber.TestNGTestRunner -->
