<?xml version="1.0" encoding="UTF-8"?>
<!-- Generated by org.testng.reporters.JUnitReportReporter -->
<testsuite hostname="VAIO" failures="0" tests="2" name="DevendraTest.Tests.SubmitOrderTestSection21_177" time="97.748" errors="0" timestamp="2026-07-27T21:50:35 IST" skipped="0">
  <testcase classname="DevendraTest.Tests.SubmitOrderTestSection21_177" name="submitOrder" time="33.139"/>
  <testcase classname="DevendraTest.Tests.SubmitOrderTestSection21_177" name="submitOrder" time="64.609"/>
</testsuite> <!-- DevendraTest.Tests.SubmitOrderTestSection21_177 -->
