<?xml version="1.0" encoding="UTF-8"?>
<!-- Generated by org.testng.reporters.JUnitReportReporter -->
<testsuite hostname="VAIO" failures="0" tests="2" name="DevendraTest.Tests.ErrorValidation2_20" time="61.232" errors="0" timestamp="2026-08-20T19:05:29 IST" skipped="0">
  <testcase classname="DevendraTest.Tests.ErrorValidation2_20" name="productErrorValidation" time="35.189"/>
  <testcase classname="DevendraTest.Tests.ErrorValidation2_20" name="loginErrorValidation" time="26.043"/>
</testsuite> <!-- DevendraTest.Tests.ErrorValidation2_20 -->
