<?xml version="1.0" encoding="UTF-8"?>
<!-- Generated by org.testng.reporters.JUnitReportReporter -->
<testsuite hostname="VAIO" failures="0" tests="2" name="DevendraTest.Tests.ErrorValidation2_20" time="167.241" errors="0" timestamp="2026-08-10T15:23:21 IST" skipped="0">
  <testcase classname="DevendraTest.Tests.ErrorValidation2_20" name="loginErrorValidation" time="64.399"/>
  <testcase classname="DevendraTest.Tests.ErrorValidation2_20" name="productErrorValidation" time="102.842"/>
</testsuite> <!-- DevendraTest.Tests.ErrorValidation2_20 -->
